Jun-11 08:12:30.350 [main] DEBUG nextflow.cli.Launcher - $> /data/biotools/bin/nextflow run main.nf
Jun-11 08:12:30.502 [main] INFO  nextflow.cli.CmdRun - N E X T F L O W  ~  version 0.14.1
Jun-11 08:12:30.503 [main] INFO  nextflow.cli.CmdRun - Launching main.nf
Jun-11 08:12:30.535 [main] DEBUG nextflow.config.ConfigBuilder - Found config local: nextflow.config
Jun-11 08:12:30.539 [main] DEBUG nextflow.config.ConfigBuilder - Parsing config file: /home/andremr/.nextflow/assets/andremrsantos/next-pipes-lghm/nextflow.config
Jun-11 08:12:31.047 [main] DEBUG nextflow.config.ConfigBuilder - Setting config profile: 'standard'
Jun-11 08:12:31.209 [main] DEBUG nextflow.Session - Session uuid: 7b9accf1-2276-4c4a-944f-9ef05169c8c8
Jun-11 08:12:31.214 [main] DEBUG nextflow.Session - Executor pool size: 31
Jun-11 08:12:31.231 [main] DEBUG nextflow.cli.CmdRun - 
  Version: 0.14.1 build 2989
  Modified: 08-06-2015 14:05 UTC (11:05 BRST)
  System: Linux 2.6.32-431.11.2.el6.x86_64
  Runtime: Groovy 2.3.11 on Java HotSpot(TM) 64-Bit Server VM 1.7.0_51-b13
  Encoding: UTF-8 (UTF-8)
  Process: 22644@noe.lghm.ufpa.br [192.168.0.1]

Jun-11 08:12:31.248 [main] DEBUG nextflow.Session - Session start invoked
Jun-11 08:12:31.253 [main] DEBUG nextflow.processor.TaskDispatcher - Dispatcher > start
Jun-11 08:12:31.254 [main] DEBUG nextflow.script.ScriptRunner - > Script parsing
Jun-11 08:12:31.431 [main] DEBUG nextflow.script.ScriptRunner - > Launching execution
Jun-11 08:12:31.442 [main] DEBUG nextflow.script.ScriptRunner - > Await termination 
Jun-11 08:12:31.442 [main] DEBUG nextflow.Session - Session await
Jun-11 08:12:31.442 [main] DEBUG nextflow.Session - Session await > processes completed
Jun-11 08:12:31.442 [main] DEBUG nextflow.Session - Session await > done
Jun-11 08:12:31.466 [main] DEBUG nextflow.Session - Session destroyed
